# JRE version: Java(TM) SE Runtime Environment (22.0.1+8) (build 22.0.1+8-16)
# Java VM: Java HotSpot(TM) 64-Bit Server VM (22.0.1+8-16, mixed mode, sharing, tiered, compressed oops, compressed class ptrs, g1 gc, windows-amd64)
GC Precious Log:
 CardTable entry size: 512
 Card Set container configuration: InlinePtr #cards 5 size 8 Array Of Cards #cards 12 size 40 Howl #buckets 4 coarsen threshold 1843 Howl Bitmap #cards 512 size 80 coarsen threshold 460 Card regions per heap region 1 cards per card region 2048
 CPUs: 12 total, 12 available
 Memory: 5989M
 Large Page Support: Disabled
 NUMA Support: Disabled
 Compressed Oops: Enabled (32-bit)
 Heap Region Size: 1M
 Heap Min Capacity: 8M
 Heap Initial Capacity: 94M
 Heap Max Capacity: 1498M
 Pre-touch: Disabled
 Parallel Workers: 10
 Concurrent Workers: 3
 Concurrent Refinement Workers: 10
 Periodic GC: Disabled
Heap:
 garbage-first heap   total reserved 1533952K, committed 158720K, used 133784K [0x00000000a2600000, 0x0000000100000000)
  region size 1024K, 3 young (3072K), 3 survivors (3072K)
 Metaspace       used 4885K, committed 5120K, reserved 1114112K
  class space    used 509K, committed 640K, reserved 1048576K
GC Heap History (20 events):
Event: 1.240 GC heap before
{Heap before GC invocations=2 (full 0):
 garbage-first heap   total reserved 1533952K, committed 96256K, used 63302K [0x00000000a2600000, 0x0000000100000000)
  region size 1024K, 14 young (14336K), 3 survivors (3072K)
 Metaspace       used 4875K, committed 5056K, reserved 1114112K
  class space    used 506K, committed 640K, reserved 1048576K
}
Event: 1.243 GC heap after
{Heap after GC invocations=3 (full 0):
 garbage-first heap   total reserved 1533952K, committed 96256K, used 52961K [0x00000000a2600000, 0x0000000100000000)
  region size 1024K, 3 young (3072K), 3 survivors (3072K)
 Metaspace       used 4875K, committed 5056K, reserved 1114112K
  class space    used 506K, committed 640K, reserved 1048576K
}
Event: 1.332 GC heap before
{Heap before GC invocations=4 (full 0):
 garbage-first heap   total reserved 1533952K, committed 96256K, used 58081K [0x00000000a2600000, 0x0000000100000000)
  region size 1024K, 7 young (7168K), 3 survivors (3072K)
 Metaspace       used 4875K, committed 5056K, reserved 1114112K
  class space    used 506K, committed 640K, reserved 1048576K
}
Event: 1.335 GC heap after
{Heap after GC invocations=5 (full 0):
 garbage-first heap   total reserved 1533952K, committed 96256K, used 55117K [0x00000000a2600000, 0x0000000100000000)
  region size 1024K, 3 young (3072K), 3 survivors (3072K)
 Metaspace       used 4875K, committed 5056K, reserved 1114112K
  class space    used 506K, committed 640K, reserved 1048576K
}
Event: 1.384 GC heap before
{Heap before GC invocations=6 (full 0):
 garbage-first heap   total reserved 1533952K, committed 106496K, used 71501K [0x00000000a2600000, 0x0000000100000000)
  region size 1024K, 12 young (12288K), 3 survivors (3072K)
 Metaspace       used 4875K, committed 5056K, reserved 1114112K
  class space    used 506K, committed 640K, reserved 1048576K
}
Event: 1.388 GC heap after
{Heap after GC invocations=7 (full 0):
 garbage-first heap   total reserved 1533952K, committed 106496K, used 63207K [0x00000000a2600000, 0x0000000100000000)
  region size 1024K, 3 young (3072K), 3 survivors (3072K)
 Metaspace       used 4875K, committed 5056K, reserved 1114112K
  class space    used 506K, committed 640K, reserved 1048576K
}
Event: 1.436 GC heap before
{Heap before GC invocations=8 (full 0):
 garbage-first heap   total reserved 1533952K, committed 109568K, used 67303K [0x00000000a2600000, 0x0000000100000000)
  region size 1024K, 6 young (6144K), 3 survivors (3072K)
 Metaspace       used 4877K, committed 5056K, reserved 1114112K
  class space    used 507K, committed 640K, reserved 1048576K
}
Event: 1.440 GC heap after
{Heap after GC invocations=9 (full 0):
 garbage-first heap   total reserved 1533952K, committed 109568K, used 65178K [0x00000000a2600000, 0x0000000100000000)
  region size 1024K, 3 young (3072K), 3 survivors (3072K)
 Metaspace       used 4877K, committed 5056K, reserved 1114112K
  class space    used 507K, committed 640K, reserved 1048576K
}
Event: 1.463 GC heap before
{Heap before GC invocations=10 (full 0):
 garbage-first heap   total reserved 1533952K, committed 114688K, used 71322K [0x00000000a2600000, 0x0000000100000000)
  region size 1024K, 7 young (7168K), 3 survivors (3072K)
 Metaspace       used 4877K, committed 5056K, reserved 1114112K
  class space    used 507K, committed 640K, reserved 1048576K
}
Event: 1.468 GC heap after
{Heap after GC invocations=11 (full 0):
 garbage-first heap   total reserved 1533952K, committed 114688K, used 68310K [0x00000000a2600000, 0x0000000100000000)
  region size 1024K, 3 young (3072K), 3 survivors (3072K)
 Metaspace       used 4877K, committed 5056K, reserved 1114112K
  class space    used 507K, committed 640K, reserved 1048576K
}
Event: 1.492 GC heap before
{Heap before GC invocations=12 (full 0):
 garbage-first heap   total reserved 1533952K, committed 117760K, used 72406K [0x00000000a2600000, 0x0000000100000000)
  region size 1024K, 6 young (6144K), 3 survivors (3072K)
 Metaspace       used 4877K, committed 5056K, reserved 1114112K
  class space    used 507K, committed 640K, reserved 1048576K
}
Event: 1.496 GC heap after
{Heap after GC invocations=13 (full 0):
 garbage-first heap   total reserved 1533952K, committed 117760K, used 70129K [0x00000000a2600000, 0x0000000100000000)
  region size 1024K, 3 young (3072K), 3 survivors (3072K)
 Metaspace       used 4877K, committed 5056K, reserved 1114112K
  class space    used 507K, committed 640K, reserved 1048576K
}
Event: 1.601 GC heap before
{Heap before GC invocations=14 (full 0):
 garbage-first heap   total reserved 1533952K, committed 137216K, used 92657K [0x00000000a2600000, 0x0000000100000000)
  region size 1024K, 15 young (15360K), 3 survivors (3072K)
 Metaspace       used 4877K, committed 5056K, reserved 1114112K
  class space    used 507K, committed 640K, reserved 1048576K
}
Event: 1.608 GC heap after
{Heap after GC invocations=15 (full 0):
 garbage-first heap   total reserved 1533952K, committed 137216K, used 81562K [0x00000000a2600000, 0x0000000100000000)
  region size 1024K, 3 young (3072K), 3 survivors (3072K)
 Metaspace       used 4877K, committed 5056K, reserved 1114112K
  class space    used 507K, committed 640K, reserved 1048576K
}
Event: 1.728 GC heap before
{Heap before GC invocations=16 (full 0):
 garbage-first heap   total reserved 1533952K, committed 140288K, used 85658K [0x00000000a2600000, 0x0000000100000000)
  region size 1024K, 6 young (6144K), 3 survivors (3072K)
 Metaspace       used 4885K, committed 5120K, reserved 1114112K
  class space    used 509K, committed 640K, reserved 1048576K
}
Event: 1.732 GC heap after
{Heap after GC invocations=17 (full 0):
 garbage-first heap   total reserved 1533952K, committed 140288K, used 83593K [0x00000000a2600000, 0x0000000100000000)
  region size 1024K, 3 young (3072K), 3 survivors (3072K)
 Metaspace       used 4885K, committed 5120K, reserved 1114112K
  class space    used 509K, committed 640K, reserved 1048576K
}
Event: 1.782 GC heap before
{Heap before GC invocations=18 (full 0):
 garbage-first heap   total reserved 1533952K, committed 155648K, used 102025K [0x00000000a2600000, 0x0000000100000000)
  region size 1024K, 13 young (13312K), 3 survivors (3072K)
 Metaspace       used 4885K, committed 5120K, reserved 1114112K
  class space    used 509K, committed 640K, reserved 1048576K
}
Event: 1.786 GC heap after
{Heap after GC invocations=19 (full 0):
 garbage-first heap   total reserved 1533952K, committed 155648K, used 92803K [0x00000000a2600000, 0x0000000100000000)
  region size 1024K, 3 young (3072K), 3 survivors (3072K)
 Metaspace       used 4885K, committed 5120K, reserved 1114112K
  class space    used 509K, committed 640K, reserved 1048576K
}
Event: 1.825 GC heap before
{Heap before GC invocations=20 (full 0):
 garbage-first heap   total reserved 1533952K, committed 158720K, used 96899K [0x00000000a2600000, 0x0000000100000000)
  region size 1024K, 6 young (6144K), 3 survivors (3072K)
 Metaspace       used 4885K, committed 5120K, reserved 1114112K
  class space    used 509K, committed 640K, reserved 1048576K
}
Event: 1.830 GC heap after
{Heap after GC invocations=21 (full 0):
 garbage-first heap   total reserved 1533952K, committed 158720K, used 94872K [0x00000000a2600000, 0x0000000100000000)
  region size 1024K, 3 young (3072K), 3 survivors (3072K)
 Metaspace       used 4885K, committed 5120K, reserved 1114112K
  class space    used 509K, committed 640K, reserved 1048576K
}

